[www-secure.target.com/EverestLoginViewc534.html]
[backblue.gif]
[fade.gif]
[index.html]
[img2-secure.targetimg2.com/wcsstore/TargetSAS/06_16_2014_09_49/javascript/Tealeaf/TealeafSDK.js]
[nexus.ensighten.com/target/Bootstrap.js]
[img3-secure.targetimg3.com/wcsstore/TargetSAS/06_16_2014_09_49/javascript/gomez.js]
[media.richrelevance.com/rrserver/js/1.0/p13n.js]
[img2-secure.targetimg2.com/tff/06132014.1/css/Globalperf-1-minified.css]
[img2-secure.targetimg2.com/tff/06132014.1/css/Globalperf-3-minified.css]
[img2-secure.targetimg2.com/tff/06132014.1/css/Globalperf-2-minified.css]
[static.targetimg1.com/everest_assets/prod/global_styles.css]
[img3-secure.targetimg3.com/tff/06132014.1/javascript/global-perf-minified.js]
[img2-secure.targetimg2.com/wcsstore/TargetSAS/06_16_2014_09_49/images/spinner-small.gif]
[img2-secure.targetimg2.com/tff/06132014.1/css/gam_minified.css]
[img3-secure.targetimg3.com/tff/06132014.1/css/gam_new_minified.css]
[www-secure.target.com/EverestLoginViewc534.html]
[img1-secure.targetimg1.com/tff/06132014.1/javascript/gam_minified.js]
[img2-secure.targetimg2.com/wcsstore/TargetSAS/06_16_2014_09_49/javascript/Tealeaf/TealeafSDK.js]
[nexus.ensighten.com/target/Bootstrap.js]
[img3-secure.targetimg3.com/wcsstore/TargetSAS/06_16_2014_09_49/javascript/gomez.js]
[media.richrelevance.com/rrserver/js/1.0/p13n.js]
[img2-secure.targetimg2.com/tff/images/background-body-en.png]
[img2-secure.targetimg2.com/tff/images/checkout/background-body.gif]
[img2-secure.targetimg2.com/tff/images/home-extra-shiping-box-nobrand.gif]
[img2-secure.targetimg2.com/tff/images/home-extra-shiping-box-number.png]
[img2-secure.targetimg2.com/tff/images/icon-sprite.gif]
[img2-secure.targetimg2.com/tff/images/bg_blue_round_corners_shadow.png]
[img2-secure.targetimg2.com/tff/images/bg_blue_middle_shadow.png]
[img2-secure.targetimg2.com/tff/images/swatch.png]
[img2-secure.targetimg2.com/tff/images/sprites.png]
[img2-secure.targetimg2.com/tff/images/ipad_sprites.png]
[img2-secure.targetimg2.com/tff/images/eyebrowSprites.png]
[img2-secure.targetimg2.com/tff/images/target_logo_for_error.gif]
[img2-secure.targetimg2.com/tff/images/bg_akkamai_error.jpg]
[img2-secure.targetimg2.com/tff/images/subscribe_eyebrow.png]
[img2-secure.targetimg2.com/tff/images/baby360_calander.png]
[img2-secure.targetimg2.com/tff/images/zoomPicker.png]
[img2-secure.targetimg2.com/tff/images/background-search-facet.jpg]
[img2-secure.targetimg2.com/tff/images/background-search-facet-item.jpg]
[img2-secure.targetimg2.com/tff/images/background-status-bar-separator-previous.gif]
[img2-secure.targetimg2.com/tff/images/background-status-bar-separator-current.gif]
[img2-secure.targetimg2.com/tff/images/btr_icon_arrow.jpg]
[img2-secure.targetimg2.com/tff/images/blue-button.png]
[img2-secure.targetimg2.com/tff/06132014.1/css/Globalperf-1-minified.css]
[img2-secure.targetimg2.com/tff/images/loader.gif]
[img2-secure.targetimg2.com/tff/images/minicart-divider.gif]
[img2-secure.targetimg2.com/tff/images/Loader_small_FNL.gif]
[img2-secure.targetimg2.com/tff/images/bg_global_dotted_horizontal01.gif]
[img2-secure.targetimg2.com/tff/images/bg_global_dotted_vertical01.gif]
[img2-secure.targetimg2.com/tff/images/icon_green-check_33x33.gif]
[img2-secure.targetimg2.com/tff/images/carousel-sprite.gif]
[img2-secure.targetimg2.com/tff/images/bg_global_checksign02.gif]
[img2-secure.targetimg2.com/tff/images/bg_global_checksign01.gif]
[img2-secure.targetimg2.com/tff/images/bg_global_errorbox.gif]
[img2-secure.targetimg2.com/tff/images/TargetTicket_button_default.png]
[img2-secure.targetimg2.com/tff/images/TargetTicket_button_hover.png]
[img2-secure.targetimg2.com/tff/images/TargetTicket_logo.png]
[img2-secure.targetimg2.com/tff/images/product-details/tabs/bg-tabs-left.gif]
[img2-secure.targetimg2.com/tff/images/product-details/tabs/bg-tabs-active-left.png]
[img2-secure.targetimg2.com/tff/images/product-details/tabs/bg-tabs-right.gif]
[img2-secure.targetimg2.com/tff/images/product-details/tabs/bg-tabs-active-right.png]
[img2-secure.targetimg2.com/tff/images/video-thumb-overlay.png]
[img2-secure.targetimg2.com/tff/images/video_sprite.png]
[img2-secure.targetimg2.com/tff/images/registry/email_fb_twitter.gif]
[img2-secure.targetimg2.com/tff/images/rating-form-medium.gif]
[img2-secure.targetimg2.com/tff/images/rating-form-medium_selected.gif]
[img2-secure.targetimg2.com/tff/images/community/number-sprite.png]
[img2-secure.targetimg2.com/tff/images/swatch_bg.png]
[img2-secure.targetimg2.com/tff/images/Orange_buttons.png]
[img2-secure.targetimg2.com/tff/images/backorder-icon.png]
[img2-secure.targetimg2.com/tff/images/icon-error-small.png]
[img2-secure.targetimg2.com/tff/images/giftCard_dog.png]
[img2-secure.targetimg2.com/tff/images/red_bullet.gif]
[img2-secure.targetimg2.com/tff/images/horizontal_1_cat_img.png]
[img2-secure.targetimg2.com/tff/images/ShopThisLook_Grey_add.png]
[img2-secure.targetimg2.com/tff/images/ShopThisLook_add.png]
[img2-secure.targetimg2.com/tff/images/selectoptions.jpg]
[img2-secure.targetimg2.com/tff/images/product-details/tabs/bg-tabs-border-bottom.gif]
[img2-secure.targetimg2.com/tff/images/checkout/checkoutbg_sprite.png]
[img2-secure.targetimg2.com/tff/images/checkout/checkout-sprite.png]
[img2-secure.targetimg2.com/tff/images/shopThisCollection_BTN_default.png]
[img2-secure.targetimg2.com/tff/images/shopThisCollection_BTN_hover.png]
[img2-secure.targetimg2.com/tff/images/checkout/tool_tip_sprite.png]
[img2-secure.targetimg2.com/tff/images/truck_icon.png]
[img2-secure.targetimg2.com/tff/images/fiats/mystore.png]
[img2-secure.targetimg2.com/tff/images/spinner-small.gif]
[img2-secure.targetimg2.com/tff/images/product-details/tgt_coupons_scissor.png]
[img2-secure.targetimg2.com/tff/images/product-details/couponSpinnerTiny.gif]
[img2-secure.targetimg2.com/tff/images/red-dot.gif]
[img2-secure.targetimg2.com/tff/images/right-arrow-white.png]
[img2-secure.targetimg2.com/tff/images/help/bgd-searchbox.png]
[img2-secure.targetimg2.com/tff/images/globalMessagingBG.png]
[img2-secure.targetimg2.com/tff/06132014.1/css/Globalperf-3-minified.css]
[img2-secure.targetimg2.com/tff/images/recent-items-border.png]
[img2-secure.targetimg2.com/tff/images/bg_boxedlayout_bordersleftright.png]
[img2-secure.targetimg2.com/tff/images/bg_boxedlayout_borderbottom.png]
[img2-secure.targetimg2.com/tff/images/calendar/calendar_icon.gif]
[img2-secure.targetimg2.com/tff/images/calendar/datepicker_t.png]
[img2-secure.targetimg2.com/tff/images/calendar/datepicker_b.png]
[img2-secure.targetimg2.com/tff/images/calendar/datepicker_l.png]
[img2-secure.targetimg2.com/tff/images/calendar/datepicker_r.png]
[img2-secure.targetimg2.com/tff/images/calendar/datepicker_tl.png]
[img2-secure.targetimg2.com/tff/images/calendar/datepicker_tr.png]
[img2-secure.targetimg2.com/tff/images/calendar/datepicker_bl.png]
[img2-secure.targetimg2.com/tff/images/calendar/datepicker_br.png]
[img2-secure.targetimg2.com/tff/images/calendar/bg_nextarrow.gif]
[img2-secure.targetimg2.com/tff/images/calendar/bg_previousarrow.gif]
[img2-secure.targetimg2.com/tff/images/calendar/bg_divider.gif]
[img2-secure.targetimg2.com/tff/images/icon-error-large.png]
[img2-secure.targetimg2.com/tff/images/bg_global_erroritem.gif]
[img2-secure.targetimg2.com/tff/images/bg_global_errorinlineitem.gif]
[img2-secure.targetimg2.com/tff/images/createaccountposter.jpg]
[img2-secure.targetimg2.com/tff/images/checkoutInfo.png]
[img2-secure.targetimg2.com/tff/images/rating-small-sprite.gif]
[img2-secure.targetimg2.com/tff/images/rating-large-sprite.gif]
[img2-secure.targetimg2.com/tff/images/ratings-large-sprite.gif]
[img2-secure.targetimg2.com/tff/images/ratings-large-sprite-r5.gif]
[img2-secure.targetimg2.com/tff/images/pagination-sprite.gif]
[img2-secure.targetimg2.com/tff/images/carousel/home_carousel-add.png]
[img2-secure.targetimg2.com/tff/images/carousel/home_carousel-sale.png]
[img2-secure.targetimg2.com/tff/images/bg_return_link.gif]
[img2-secure.targetimg2.com/tff/images/background-review-media.gif]
[img2-secure.targetimg2.com/tff/images/video-thumb-overlay-on.png]
[img2-secure.targetimg2.com/tff/images/background-see-more-reviews.gif]
[img2-secure.targetimg2.com/tff/images/icon-checkmark-pro.gif]
[img2-secure.targetimg2.com/tff/images/icon-x-con.gif]
[img2-secure.targetimg2.com/tff/images/star-overall-bg.gif]
[img2-secure.targetimg2.com/tff/06132014.1/css/Globalperf-2-minified.css]
[img1.targetimg1.com/wcsstore/TargetSAS/01_27_2014_03_44/images/checkout/checkoutbg_sprite.png]
[static.targetimg1.com/everest_assets/prod/global_styles.css]
[img3-secure.targetimg3.com/tff/06132014.1/javascript/global-perf-minified.js]
[img2-secure.targetimg2.com/tff/images/background-account-dashboard.gif]
[img2-secure.targetimg2.com/tff/images/background-account-dashboard-on.gif]
[img2-secure.targetimg2.com/tff/images/account/inline-upload-photo.gif]
[img2-secure.targetimg2.com/tff/images/account/noaddresspointer.jpg]
[img2-secure.targetimg2.com/checkout/images/paypal.gif]
[img2-secure.targetimg2.com/tff/images/barcode.jpg]
[img2-secure.targetimg2.com/tff/images/account/background-pagination.gif]
[img2-secure.targetimg2.com/tff/images/icon-warning-large.gif]
[img2-secure.targetimg2.com/tff/images/icon-warning-small.gif]
[img2-secure.targetimg2.com/tff/images/account/receipt_vertFull.gif]
[img2-secure.targetimg2.com/tff/images/account/receipt_horizl_small.jpg]
[img2-secure.targetimg2.com/tff/images/account/Polaroid_Blank_Img.png]
[img2-secure.targetimg2.com/tff/images/account/Polaroid_Upload_Img.png]
[img2-secure.targetimg2.com/tff/images/account/week-ad-2.jpg]
[img2-secure.targetimg2.com/tff/images/background-status-bar-left-previous.jpg]
[img2-secure.targetimg2.com/tff/images/sml-Card.jpg]
[img2-secure.targetimg2.com/tff/images/background-status-bar-bg-previous.jpg]
[img2-secure.targetimg2.com/tff/images/btn_ie_right.gif]
[img2-secure.targetimg2.com/tff/images/btn_ie_left.gif]
[img2-secure.targetimg2.com/tff/06132014.1/css/gam_minified.css]
[img2-secure.targetimg2.com/checkout/images/checkout-sprite.png]
[img3-secure.targetimg3.com/tff/images/sprite-gam.png]
[img3-secure.targetimg3.com/tff/images/bg_global_errorbox.gif]
[img3-secure.targetimg3.com/tff/images/background-search-facet.jpg]
[img3-secure.targetimg3.com/tff/images/maps/map-bg.png]
[img3-secure.targetimg3.com/tff/images/bg_global_dotted_horizontal01.gif]
[img3-secure.targetimg3.com/tff/images/blogs/btn-post-my-comment.jpg]
[img3-secure.targetimg3.com/tff/06132014.1/css/gam_new_minified.css]
[img1-secure.targetimg1.com/tff/06132014.1/javascript/gam_minified.js]
[img2-secure.targetimg2.com/tff/images/swatches/swatches-dropshadow.html]
[img2-secure.targetimg2.com/tff/images/jq-ui/dropdown-arrow.html]
[img2-secure.targetimg2.com/tff/images/product-details/tabs/bg-tabs-border-bottom-600.html]
[img2-secure.targetimg2.com/tff/images/dynamic_menubg.html]
[img2-secure.targetimg2.com/tff/images/swatches-dropshadow.html]
[img2-secure.targetimg2.com/tff/images/highestRatedForStyle.html]
[img2-secure.targetimg2.com/tff/images/btn_make_my_store.html]
[img3-secure.targetimg3.com/tff/images/curve_sprite_ie.html]
[img3-secure.targetimg3.com/tff/images/storelocator/sqv_top.html]
[img3-secure.targetimg3.com/tff/images/community/AvatarBg.html]
[communitydev.target.com/user/css/images/NavDivBg.html]
